\BOOKMARK [0][-]{chapter.1}{R\351cits d'utilisation propos\351s lors de l'it\351ration 1}{}% 1
\BOOKMARK [1][-]{section.1.1}{Commande}{chapter.1}% 2
\BOOKMARK [1][-]{section.1.2}{Commande debut}{chapter.1}% 3
\BOOKMARK [1][-]{section.1.3}{Commande fin}{chapter.1}% 4
\BOOKMARK [1][-]{section.1.4}{Commande defs}{chapter.1}% 5
\BOOKMARK [1][-]{section.1.5}{Commande affiche}{chapter.1}% 6
\BOOKMARK [1][-]{section.1.6}{Commande affiche avec une expression}{chapter.1}% 7
\BOOKMARK [1][-]{section.1.7}{Commande var pour une cha\356ne de caract\350res}{chapter.1}% 8
\BOOKMARK [1][-]{section.1.8}{Commande var pour un entier}{chapter.1}% 9
\BOOKMARK [1][-]{section.1.9}{Expression concat\351nation sur cha\356ne de caract\350res}{chapter.1}% 10
\BOOKMARK [1][-]{section.1.10}{Expression logique}{chapter.1}% 11
\BOOKMARK [1][-]{section.1.11}{Expression arithm\351tique}{chapter.1}% 12
\BOOKMARK [0][-]{chapter.2}{R\351cits d'utilisation propos\351s lors de l'it\351ration 2}{}% 13
\BOOKMARK [1][-]{section.2.1}{Commande efface}{chapter.2}% 14
\BOOKMARK [1][-]{section.2.2}{Commande lance}{chapter.2}% 15
\BOOKMARK [1][-]{section.2.3}{Commande stop}{chapter.2}% 16
\BOOKMARK [1][-]{section.2.4}{Etiquette}{chapter.2}% 17
\BOOKMARK [1][-]{section.2.5}{Instruction}{chapter.2}% 18
\BOOKMARK [1][-]{section.2.6}{Instruction vaen}{chapter.2}% 19
\BOOKMARK [1][-]{section.2.7}{Commande lance \340 partir d'une \351tiquette}{chapter.2}% 20
\BOOKMARK [1][-]{section.2.8}{Instruction proc\351dure}{chapter.2}% 21
\BOOKMARK [1][-]{section.2.9}{Instruction retour}{chapter.2}% 22
\BOOKMARK [1][-]{section.2.10}{Commande liste}{chapter.2}% 23
\BOOKMARK [1][-]{section.2.11}{Instruction}{chapter.2}% 24
\BOOKMARK [0][-]{chapter.3}{R\351cits d'utilisation propos\351s lors de l'it\351ration 3}{}% 25
