This is pdfTeX, Version 3.14159265-2.6-1.40.21 (MiKTeX 20.6.29) (preloaded format=pdflatex 2020.9.17)  26 MAY 2021 09:03
entering extended mode
**./specificationsDetaillees.tex
(specificationsDetaillees.tex
LaTeX2e <2020-02-02> patch level 5
L3 programming layer <2020-06-18>
("C:\Program Files\MiKTeX\tex/latex/base\report.cls"
Document Class: report 2019/12/20 v1.4l Standard LaTeX document class
("C:\Program Files\MiKTeX\tex/latex/base\size12.clo"
File: size12.clo 2019/12/20 v1.4l Standard LaTeX file (size option)
)
\c@part=\count167
\c@chapter=\count168
\c@section=\count169
\c@subsection=\count170
\c@subsubsection=\count171
\c@paragraph=\count172
\c@subparagraph=\count173
\c@figure=\count174
\c@table=\count175
\abovecaptionskip=\skip47
\belowcaptionskip=\skip48
\bibindent=\dimen134
)
("C:\Program Files\MiKTeX\tex/latex/base\inputenc.sty"
Package: inputenc 2018/08/11 v1.3c Input encoding file
\inpenc@prehook=\toks15
\inpenc@posthook=\toks16
)
("C:\Program Files\MiKTeX\tex/latex/base\fontenc.sty"
Package: fontenc 2020/02/11 v2.0o Standard LaTeX package
)
("C:\Program Files\MiKTeX\tex/generic/babel\babel.sty"
Package: babel 2020/06/10 3.45 The Babel package

("C:\Program Files\MiKTeX\tex/generic/babel\babel.def"
File: babel.def 2020/06/10 3.45 Babel common definitions
\babel@savecnt=\count176
\U@D=\dimen135
\l@babelnohyphens=\language79

("C:\Program Files\MiKTeX\tex/generic/babel\txtbabel.def")
\bbl@readstream=\read2
)
\bbl@dirlevel=\count177

*************************************
* Local config file bblopts.cfg used
*
("C:\Program Files\MiKTeX\tex/latex/arabi\bblopts.cfg"
File: bblopts.cfg 2005/09/08 v0.1 add Arabic and Farsi to "declared" options of
 babel
)
("C:\Program Files\MiKTeX\tex/generic/babel-french\french.ldf"
Language: french 2020/10/10 v3.5l French support from the babel system
Package babel Info: \l@acadian = using hyphenrules for french
(babel)             (\language22) on input line 91.
Package babel Info: \l@canadien = using hyphenrules for french
(babel)             (\language22) on input line 92.
\FB@nonchar=\count178
Package babel Info: Making : an active character on input line 430.
Package babel Info: Making ; an active character on input line 431.
Package babel Info: Making ! an active character on input line 432.
Package babel Info: Making ? an active character on input line 433.
\FBguill@level=\count179
\FBold@everypar=\toks17
\FB@Mht=\dimen136
\mc@charclass=\count180
\mc@charfam=\count181
\mc@charslot=\count182
\std@mcc=\count183
\dec@mcc=\count184
\listindentFB=\dimen137
\descindentFB=\dimen138
\labelindentFB=\dimen139
\labelwidthFB=\dimen140
\leftmarginFB=\dimen141
\parindentFFN=\dimen142
\FBfnindent=\dimen143
))
("C:\Program Files\MiKTeX\tex/latex/carlisle\scalefnt.sty")
("C:\Program Files\MiKTeX\tex/latex/graphics\keyval.sty"
Package: keyval 2014/10/28 v1.15 key=value parser (DPC)
\KV@toks@=\toks18
)
("C:\Program Files\MiKTeX\tex/latex/geometry\geometry.sty"
Package: geometry 2020/01/02 v5.9 Page Geometry

("C:\Program Files\MiKTeX\tex/generic/iftex\ifvtex.sty"
Package: ifvtex 2019/10/25 v1.7 ifvtex legacy package. Use iftex instead.

("C:\Program Files\MiKTeX\tex/generic/iftex\iftex.sty"
Package: iftex 2020/03/06 v1.0d TeX engine tests
))
\Gm@cnth=\count185
\Gm@cntv=\count186
\c@Gm@tempcnt=\count187
\Gm@bindingoffset=\dimen144
\Gm@wd@mp=\dimen145
\Gm@odd@mp=\dimen146
\Gm@even@mp=\dimen147
\Gm@layoutwidth=\dimen148
\Gm@layoutheight=\dimen149
\Gm@layouthoffset=\dimen150
\Gm@layoutvoffset=\dimen151
\Gm@dimlist=\toks19

("C:\Program Files\MiKTeX\tex/latex/geometry\geometry.cfg"))
("C:\Program Files\MiKTeX\tex/latex/fancyhdr\fancyhdr.sty"
Package: fancyhdr 2019/01/31 v3.10 Extensive control of page headers and footer
s
\f@nch@headwidth=\skip49
\f@nch@O@elh=\skip50
\f@nch@O@erh=\skip51
\f@nch@O@olh=\skip52
\f@nch@O@orh=\skip53
\f@nch@O@elf=\skip54
\f@nch@O@erf=\skip55
\f@nch@O@olf=\skip56
\f@nch@O@orf=\skip57
)
("C:\Program Files\MiKTeX\tex/latex/graphics\graphicx.sty"
Package: graphicx 2019/11/30 v1.2a Enhanced LaTeX Graphics (DPC,SPQR)

("C:\Program Files\MiKTeX\tex/latex/graphics\graphics.sty"
Package: graphics 2019/11/30 v1.4a Standard LaTeX Graphics (DPC,SPQR)

("C:\Program Files\MiKTeX\tex/latex/graphics\trig.sty"
Package: trig 2016/01/03 v1.10 sin cos tan (DPC)
)
("C:\Program Files\MiKTeX\tex/latex/graphics-cfg\graphics.cfg"
File: graphics.cfg 2016/06/04 v1.11 sample graphics configuration
)
Package graphics Info: Driver file: pdftex.def on input line 105.

("C:\Program Files\MiKTeX\tex/latex/graphics-def\pdftex.def"
File: pdftex.def 2018/01/08 v1.0l Graphics/color driver for pdftex
))
\Gin@req@height=\dimen152
\Gin@req@width=\dimen153
)
("C:\Program Files\MiKTeX\tex/latex/tools\array.sty"
Package: array 2019/08/31 v2.4l Tabular extension package (FMi)
\col@sep=\dimen154
\ar@mcellbox=\box45
\extrarowheight=\dimen155
\NC@list=\toks20
\extratabsurround=\skip58
\backup@length=\skip59
\ar@cellbox=\box46
)
("C:\Program Files\MiKTeX\tex/latex/hyperref\hyperref.sty"
Package: hyperref 2020-05-15 v7.00e Hypertext links for LaTeX

("C:\Program Files\MiKTeX\tex/generic/ltxcmds\ltxcmds.sty"
Package: ltxcmds 2020-05-10 v1.25 LaTeX kernel commands for general use (HO)
)
("C:\Program Files\MiKTeX\tex/generic/pdftexcmds\pdftexcmds.sty"
Package: pdftexcmds 2020-06-27 v0.33 Utility functions of pdfTeX for LuaTeX (HO
)

("C:\Program Files\MiKTeX\tex/generic/infwarerr\infwarerr.sty"
Package: infwarerr 2019/12/03 v1.5 Providing info/warning/error messages (HO)
)
Package pdftexcmds Info: \pdf@primitive is available.
Package pdftexcmds Info: \pdf@ifprimitive is available.
Package pdftexcmds Info: \pdfdraftmode found.
)
("C:\Program Files\MiKTeX\tex/generic/kvsetkeys\kvsetkeys.sty"
Package: kvsetkeys 2019/12/15 v1.18 Key value parser (HO)
)
("C:\Program Files\MiKTeX\tex/generic/kvdefinekeys\kvdefinekeys.sty"
Package: kvdefinekeys 2019-12-19 v1.6 Define keys (HO)
)
("C:\Program Files\MiKTeX\tex/generic/pdfescape\pdfescape.sty"
Package: pdfescape 2019/12/09 v1.15 Implements pdfTeX's escape features (HO)
)
("C:\Program Files\MiKTeX\tex/latex/hycolor\hycolor.sty"
Package: hycolor 2020-01-27 v1.10 Color options for hyperref/bookmark (HO)
)
("C:\Program Files\MiKTeX\tex/latex/letltxmacro\letltxmacro.sty"
Package: letltxmacro 2019/12/03 v1.6 Let assignment for LaTeX macros (HO)
)
("C:\Program Files\MiKTeX\tex/latex/auxhook\auxhook.sty"
Package: auxhook 2019-12-17 v1.6 Hooks for auxiliary files (HO)
)
("C:\Program Files\MiKTeX\tex/latex/kvoptions\kvoptions.sty"
Package: kvoptions 2020-10-07 v3.14 Key value format for package options (HO)
)
\@linkdim=\dimen156
\Hy@linkcounter=\count188
\Hy@pagecounter=\count189

("C:\Program Files\MiKTeX\tex/latex/hyperref\pd1enc.def"
File: pd1enc.def 2020-05-15 v7.00e Hyperref: PDFDocEncoding definition (HO)
Now handling font encoding PD1 ...
... no UTF-8 mapping file for font encoding PD1
)
("C:\Program Files\MiKTeX\tex/generic/intcalc\intcalc.sty"
Package: intcalc 2019/12/15 v1.3 Expandable calculations with integers (HO)
)
("C:\Program Files\MiKTeX\tex/generic/etexcmds\etexcmds.sty"
Package: etexcmds 2019/12/15 v1.7 Avoid name clashes with e-TeX commands (HO)
)
\Hy@SavedSpaceFactor=\count190
Package hyperref Info: Hyper figures OFF on input line 4464.
Package hyperref Info: Link nesting OFF on input line 4469.
Package hyperref Info: Hyper index ON on input line 4472.
Package hyperref Info: Plain pages OFF on input line 4479.
Package hyperref Info: Backreferencing OFF on input line 4484.
Package hyperref Info: Implicit mode ON; LaTeX internals redefined.
Package hyperref Info: Bookmarks ON on input line 4717.
\c@Hy@tempcnt=\count191

("C:\Program Files\MiKTeX\tex/latex/url\url.sty"
\Urlmuskip=\muskip16
Package: url 2013/09/16  ver 3.4  Verb mode for urls, etc.
)
LaTeX Info: Redefining \url on input line 5076.
\XeTeXLinkMargin=\dimen157

("C:\Program Files\MiKTeX\tex/generic/bitset\bitset.sty"
Package: bitset 2019/12/09 v1.3 Handle bit-vector datatype (HO)

("C:\Program Files\MiKTeX\tex/generic/bigintcalc\bigintcalc.sty"
Package: bigintcalc 2019/12/15 v1.5 Expandable calculations on big integers (HO
)
))
\Fld@menulength=\count192
\Field@Width=\dimen158
\Fld@charsize=\dimen159
Package hyperref Info: Hyper figures OFF on input line 6347.
Package hyperref Info: Link nesting OFF on input line 6352.
Package hyperref Info: Hyper index ON on input line 6355.
Package hyperref Info: backreferencing OFF on input line 6362.
Package hyperref Info: Link coloring OFF on input line 6367.
Package hyperref Info: Link coloring with OCG OFF on input line 6372.
Package hyperref Info: PDF/A mode OFF on input line 6377.
LaTeX Info: Redefining \ref on input line 6417.
LaTeX Info: Redefining \pageref on input line 6421.

("C:\Program Files\MiKTeX\tex/generic/atbegshi\atbegshi.sty"
Package: atbegshi 2019/12/05 v1.19 At begin shipout hook (HO)
)
\Hy@abspage=\count193
\c@Item=\count194
\c@Hfootnote=\count195
)
Package hyperref Info: Driver (autodetected): hpdftex.

("C:\Program Files\MiKTeX\tex/latex/hyperref\hpdftex.def"
File: hpdftex.def 2020-05-15 v7.00e Hyperref driver for pdfTeX

("C:\Program Files\MiKTeX\tex/latex/atveryend\atveryend.sty"
Package: atveryend 2019-12-11 v1.11 Hooks at the very end of document (HO)
Package atveryend Info: \enddocument detected (standard20110627).
)
\Fld@listcount=\count196
\c@bookmark@seq@number=\count197

("C:\Program Files\MiKTeX\tex/latex/rerunfilecheck\rerunfilecheck.sty"
Package: rerunfilecheck 2019/12/05 v1.9 Rerun checks for auxiliary files (HO)

("C:\Program Files\MiKTeX\tex/generic/uniquecounter\uniquecounter.sty"
Package: uniquecounter 2019/12/15 v1.4 Provide unlimited unique counter (HO)
)
Package uniquecounter Info: New unique counter `rerunfilecheck' on input line 2
86.
)
\Hy@SectionHShift=\skip60
)
("C:\Program Files\MiKTeX\tex/latex/l3backend\l3backend-pdfmode.def"
File: l3backend-pdfmode.def 2020-06-29 L3 backend support: PDF mode
\l__kernel_color_stack_int=\count198
\l__pdf_internal_box=\box47
)
(specificationsDetaillees.aux)
\openout1 = `specificationsDetaillees.aux'.

LaTeX Font Info:    Checking defaults for OML/cmm/m/it on input line 15.
LaTeX Font Info:    ... okay on input line 15.
LaTeX Font Info:    Checking defaults for OMS/cmsy/m/n on input line 15.
LaTeX Font Info:    ... okay on input line 15.
LaTeX Font Info:    Checking defaults for OT1/cmr/m/n on input line 15.
LaTeX Font Info:    ... okay on input line 15.
LaTeX Font Info:    Checking defaults for T1/cmr/m/n on input line 15.
LaTeX Font Info:    ... okay on input line 15.
LaTeX Font Info:    Checking defaults for TS1/cmr/m/n on input line 15.
LaTeX Font Info:    ... okay on input line 15.
LaTeX Font Info:    Checking defaults for OMX/cmex/m/n on input line 15.
LaTeX Font Info:    ... okay on input line 15.
LaTeX Font Info:    Checking defaults for U/cmr/m/n on input line 15.
LaTeX Font Info:    ... okay on input line 15.
LaTeX Font Info:    Checking defaults for PD1/pdf/m/n on input line 15.
LaTeX Font Info:    ... okay on input line 15.
LaTeX Info: Redefining \degres on input line 15.
LaTeX Info: Redefining \dots on input line 15.
LaTeX Info: Redefining \up on input line 15.

*geometry* driver: auto-detecting
*geometry* detected driver: pdftex
*geometry* verbose mode - [ preamble ] result:
* driver: pdftex
* paper: a4paper
* layout: <same size as paper>
* layoutoffset:(h,v)=(0.0pt,0.0pt)
* modes: 
* h-part:(L,W,R)=(89.62709pt, 418.25368pt, 89.6271pt)
* v-part:(T,H,B)=(42.67912pt, 688.5567pt, 113.81102pt)
* \paperwidth=597.50787pt
* \paperheight=845.04684pt
* \textwidth=418.25368pt
* \textheight=688.5567pt
* \oddsidemargin=17.3571pt
* \evensidemargin=17.3571pt
* \topmargin=-66.59087pt
* \headheight=12.0pt
* \headsep=25.0pt
* \topskip=12.0pt
* \footskip=30.0pt
* \marginparwidth=35.0pt
* \marginparsep=10.0pt
* \columnsep=10.0pt
* \skip\footins=10.8pt plus 4.0pt minus 2.0pt
* \hoffset=0.0pt
* \voffset=0.0pt
* \mag=1000
* \@twocolumnfalse
* \@twosidefalse
* \@mparswitchfalse
* \@reversemarginfalse
* (1in=72.27pt=25.4mm, 1cm=28.453pt)

("C:\Program Files\MiKTeX\tex/context/base/mkii\supp-pdf.mkii"
[Loading MPS to PDF converter (version 2006.09.02).]
\scratchcounter=\count199
\scratchdimen=\dimen160
\scratchbox=\box48
\nofMPsegments=\count266
\nofMParguments=\count267
\everyMPshowfont=\toks21
\MPscratchCnt=\count268
\MPscratchDim=\dimen161
\MPnumerator=\count269
\makeMPintoPDFobject=\count270
\everyMPtoPDFconversion=\toks22
) ("C:\Program Files\MiKTeX\tex/latex/epstopdf-pkg\epstopdf-base.sty"
Package: epstopdf-base 2020-01-24 v2.11 Base part for package epstopdf
Package epstopdf-base Info: Redefining graphics rule for `.eps' on input line 4
85.
)
\AtBeginShipoutBox=\box49
Package hyperref Info: Link coloring OFF on input line 15.

("C:\Program Files\MiKTeX\tex/latex/hyperref\nameref.sty"
Package: nameref 2019/09/16 v2.46 Cross-referencing by name of section

("C:\Program Files\MiKTeX\tex/latex/refcount\refcount.sty"
Package: refcount 2019/12/15 v3.6 Data extraction from label references (HO)
)
("C:\Program Files\MiKTeX\tex/generic/gettitlestring\gettitlestring.sty"
Package: gettitlestring 2019/12/15 v1.6 Cleanup title references (HO)
)
\c@section@level=\count271
)
LaTeX Info: Redefining \ref on input line 15.
LaTeX Info: Redefining \pageref on input line 15.
LaTeX Info: Redefining \nameref on input line 15.

(specificationsDetaillees.out) (specificationsDetaillees.out)
\@outlinefile=\write3
\openout3 = `specificationsDetaillees.out'.

LaTeX Font Info:    Trying to load font information for T1+pag on input line 26
.

("C:\Program Files\MiKTeX\tex/latex/psnfss\t1pag.fd"
File: t1pag.fd 2001/06/04 font definitions for T1/pag.
)
<./img/logoiut.png, id=123, 251.43938pt x 159.59625pt>
File: ./img/logoiut.png Graphic file (type png)
<use ./img/logoiut.png>
Package pdftex.def Info: ./img/logoiut.png  used on input line 36.
(pdftex.def)             Requested size: 113.81102pt x 72.23894pt.
LaTeX Font Info:    Font shape `T1/pag/b/sc' in size <24.88> not available
(Font)              Font shape `T1/pag/db/sc' tried instead on input line 41.
 [1

{C:/Users/madel/AppData/Local/MiKTeX/pdftex/config/pdftex.map} <./img/logoiut.p
ng>]
LaTeX Font Info:    Font shape `T1/pag/bx/n' in size <24.88> not available
(Font)              Font shape `T1/pag/b/n' tried instead on input line 65.
LaTeX Font Info:    Font shape `T1/pag/b/n' in size <24.88> not available
(Font)              Font shape `T1/pag/db/n' tried instead on input line 65.

(specificationsDetaillees.toc
LaTeX Font Info:    Font shape `T1/pag/bx/n' in size <12> not available
(Font)              Font shape `T1/pag/b/n' tried instead on input line 2.
LaTeX Font Info:    Font shape `T1/pag/b/n' in size <12> not available
(Font)              Font shape `T1/pag/db/n' tried instead on input line 2.
LaTeX Font Info:    External font `cmex10' loaded for size
(Font)              <12> on input line 3.
LaTeX Font Info:    External font `cmex10' loaded for size
(Font)              <8> on input line 3.
LaTeX Font Info:    External font `cmex10' loaded for size
(Font)              <6> on input line 3.
)
\tf@toc=\write4
\openout4 = `specificationsDetaillees.toc'.

pdfTeX warning (ext4): destination with the same identifier (name{page.1}) has 
been already used, duplicate ignored
<to be read again> 
                   \relax 
l.67     \chapter
                 *{Introduction} [1

] [2

]
Chapitre 1.
(iteration1/userStoryCommande.tex
LaTeX Font Info:    Font shape `T1/pag/bx/n' in size <17.28> not available
(Font)              Font shape `T1/pag/b/n' tried instead on input line 1.
LaTeX Font Info:    Font shape `T1/pag/b/n' in size <17.28> not available
(Font)              Font shape `T1/pag/db/n' tried instead on input line 1.
LaTeX Font Info:    Font shape `T1/pag/bx/n' in size <14.4> not available
(Font)              Font shape `T1/pag/b/n' tried instead on input line 3.
LaTeX Font Info:    Font shape `T1/pag/b/n' in size <14.4> not available
(Font)              Font shape `T1/pag/db/n' tried instead on input line 3.
) [3

] (iteration1/userStoryCommandeDebut.tex
LaTeX Font Info:    Trying to load font information for T1+cmtt on input line 1
3.

("C:\Program Files\MiKTeX\tex/latex/base\t1cmtt.fd"
File: t1cmtt.fd 2019/12/16 v2.5j Standard LaTeX font definitions
))
(iteration1/userStoryCommandeFin.tex) (iteration1/userStoryCommandeDefs.tex
File: ./img/logoiut.png Graphic file (type png)
<use ./img/logoiut.png>
Package pdftex.def Info: ./img/logoiut.png  used on input line 5.
(pdftex.def)             Requested size: 56.9055pt x 36.11946pt.

[4]) (iteration1/userStoryCommandeAffiche.tex)
(iteration1/userStoryCommandeAfficheExpression.tex
File: ./img/logoiut.png Graphic file (type png)
<use ./img/logoiut.png>
Package pdftex.def Info: ./img/logoiut.png  used on input line 6.
(pdftex.def)             Requested size: 56.9055pt x 36.11946pt.
 [5])
(iteration1/userStoryCommandeVarChaine.tex)
(iteration1/userStoryCommandeVarEntier.tex
File: ./img/logoiut.png Graphic file (type png)
<use ./img/logoiut.png>
Package pdftex.def Info: ./img/logoiut.png  used on input line 1.
(pdftex.def)             Requested size: 56.9055pt x 36.11946pt.
 [6]
Overfull \hbox (49.11858pt too wide) in paragraph at lines 13--15
 []\T1/pag/db/n/12 Alors : [] \T1/pag/m/n/10 je tape la com-mande var et met un
 en-tier comme va-leur : [][]\T1/cmtt/m/n/10 |var[]\T1/pag/m/n/10 <nomVariable>
=<entier>
 []

) (iteration1/userStoryConcatenation.tex
Overfull \hbox (16.12218pt too wide) in paragraph at lines 19--22
 []\T1/pag/db/n/12 Alors : [] \T1/pag/m/n/10 En uti-li-sant une ex-pres-sion de
 type [][]\T1/cmtt/m/n/10 var nouvelleChaine = opeGauche + opeDroite[]\T1/pag/m
/n/10 ,
 []

File: ./img/logoiut.png Graphic file (type png)
<use ./img/logoiut.png>
Package pdftex.def Info: ./img/logoiut.png  used on input line 23.
(pdftex.def)             Requested size: 56.9055pt x 36.11946pt.
[7]) (iteration1/userStoryExpressionLogique.tex
Overfull \hbox (36.27582pt too wide) in paragraph at lines 12--14
 []\T1/pag/db/n/12 Afin que : [] \T1/pag/m/n/10 d'exé-cu-ter ou non une branche
 du code avec l'ins-truc-tion [][]\T1/cmtt/m/n/10 si <expression> vaen 
 []

) (iteration1/userStoryExpressionArithmetique.tex
File: ./img/logoiut.png Graphic file (type png)
<use ./img/logoiut.png>
Package pdftex.def Info: ./img/logoiut.png  used on input line 10.
(pdftex.def)             Requested size: 56.9055pt x 36.11946pt.
 [8])
File: ./img/logoiut.png Graphic file (type png)
<use ./img/logoiut.png>
Package pdftex.def Info: ./img/logoiut.png  used on input line 86.
(pdftex.def)             Requested size: 56.9055pt x 36.11946pt.
 [9]
Chapitre 2.
(iteration2/userStoryCommandeEfface.tex) [10

]
(iteration2/userStoryCommandeLance.tex) (iteration2/userStoryCommandeStop.tex)
(iteration2/userStoryEtiquette.tex
File: ./img/logoiut.png Graphic file (type png)
<use ./img/logoiut.png>
Package pdftex.def Info: ./img/logoiut.png  used on input line 5.
(pdftex.def)             Requested size: 56.9055pt x 36.11946pt.
 [11]) (iteration2/userStoryInstruction.tex)
(iteration2/userStoryInstructionVaen.tex
File: ./img/logoiut.png Graphic file (type png)
<use ./img/logoiut.png>
Package pdftex.def Info: ./img/logoiut.png  used on input line 1.
(pdftex.def)             Requested size: 56.9055pt x 36.11946pt.
 [12])
(iteration2/userStoryLanceEtiquette.tex
Overfull \hbox (2.86092pt too wide) in paragraph at lines 8--9
 []\T1/pag/db/n/12 Je sou-haite : [] \T1/pag/m/n/10 Exé-cu-ter le pro-gramme ch
argé avec la com-mande lance <éti-quette> 
 []

File: ./img/logoiut.png Graphic file (type png)
<use ./img/logoiut.png>
Package pdftex.def Info: ./img/logoiut.png  used on input line 17.
(pdftex.def)             Requested size: 56.9055pt x 36.11946pt.
[13]) (iteration2/userStoryProcedure.tex) (iteration2/userStoryRetour.tex
File: ./img/logoiut.png Graphic file (type png)
<use ./img/logoiut.png>
Package pdftex.def Info: ./img/logoiut.png  used on input line 15.
(pdftex.def)             Requested size: 56.9055pt x 36.11946pt.

[14]) (iteration2/userStroryListeArgument.tex)
(iteration2/userStroryListeVoid.tex
File: ./img/logoiut.png Graphic file (type png)
<use ./img/logoiut.png>
Package pdftex.def Info: ./img/logoiut.png  used on input line 14.
(pdftex.def)             Requested size: 56.9055pt x 36.11946pt.
 [15])
File: ./img/logoiut.png Graphic file (type png)
<use ./img/logoiut.png>
Package pdftex.def Info: ./img/logoiut.png  used on input line 100.
(pdftex.def)             Requested size: 56.9055pt x 36.11946pt.
 [16]
Chapitre 3.
(iteration3/userStoryCommandeSauve.tex) [17

]
(iteration3/userStoryCommandeCharge.tex)
(iteration3/userStoryInstructionSiVaen.tex
File: ./img/logoiut.png Graphic file (type png)
<use ./img/logoiut.png>
Package pdftex.def Info: ./img/logoiut.png  used on input line 11.
(pdftex.def)             Requested size: 56.9055pt x 36.11946pt.
 [18])
(iteration3/userStoryInstructionProcedure.tex)
(iteration3/userStoryInstructionRetour.tex
File: ./img/logoiut.png Graphic file (type png)
<use ./img/logoiut.png>
Package pdftex.def Info: ./img/logoiut.png  used on input line 9.
(pdftex.def)             Requested size: 56.9055pt x 36.11946pt.
 [19])
Package atveryend Info: Empty hook `BeforeClearDocument' on input line 108.
File: ./img/logoiut.png Graphic file (type png)
<use ./img/logoiut.png>
Package pdftex.def Info: ./img/logoiut.png  used on input line 108.
(pdftex.def)             Requested size: 56.9055pt x 36.11946pt.
 [20]
Package atveryend Info: Empty hook `AfterLastShipout' on input line 108.

(specificationsDetaillees.aux)
Package atveryend Info: Executing hook `AtVeryEndDocument' on input line 108.
Package atveryend Info: Executing hook `AtEndAfterFileList' on input line 108.
Package rerunfilecheck Info: File `specificationsDetaillees.out' has not change
d.
(rerunfilecheck)             Checksum: AA86CC517A290ED63ECA19BF3D762351;2108.
Package atveryend Info: Empty hook `AtVeryVeryEnd' on input line 108.
 ) 
Here is how much of TeX's memory you used:
 8029 strings out of 480790
 123593 string characters out of 2907055
 400668 words of memory out of 3000000
 23493 multiletter control sequences out of 15000+200000
 575700 words of font info for 56 fonts, out of 3000000 for 9000
 1141 hyphenation exceptions out of 8191
 37i,14n,45p,285b,426s stack positions out of 5000i,500n,10000p,200000b,50000s
 <C:\Users\madel\AppData\Local\MiKTeX\fonts/pk/ljfour/jknappen/ec/dpi600\ectt
1000.pk>{C:/Program Files/MiKTeX/fonts/enc/dvips/base/8r.enc}<C:/Program Files/
MiKTeX/fonts/type1/urw/avantgar/uagd8a.pfb><C:/Program Files/MiKTeX/fonts/type1
/urw/avantgar/uagk8a.pfb>
Output written on specificationsDetaillees.pdf (21 pages, 132364 bytes).
PDF statistics:
 628 PDF objects out of 1000 (max. 8388607)
 323 named destinations out of 1000 (max. 500000)
 246 words of extra memory for PDF output out of 10000 (max. 10000000)

