\BOOKMARK [0][-]{chapter.1}{Installation}{}% 1
\BOOKMARK [1][-]{subsection.1.0.1}{...}{chapter.1}% 2
\BOOKMARK [0][-]{chapter.2}{\311l\351ments de langage}{}% 3
\BOOKMARK [1][-]{section.2.1}{Mots-cl\351s}{chapter.2}% 4
\BOOKMARK [2][-]{subsection.2.1.1}{...}{section.2.1}% 5
\BOOKMARK [1][-]{section.2.2}{\311tiquettes}{chapter.2}% 6
\BOOKMARK [2][-]{subsection.2.2.1}{...}{section.2.2}% 7
\BOOKMARK [1][-]{section.2.3}{Constantes litt\351rales}{chapter.2}% 8
\BOOKMARK [2][-]{subsection.2.3.1}{Type entier sign\351}{section.2.3}% 9
\BOOKMARK [2][-]{subsection.2.3.2}{Type cha\356ne}{section.2.3}% 10
\BOOKMARK [1][-]{section.2.4}{Identificateurs}{chapter.2}% 11
\BOOKMARK [2][-]{subsection.2.4.1}{Identificateurs d'entier}{section.2.4}% 12
\BOOKMARK [2][-]{subsection.2.4.2}{Identificateurs de cha\356ne}{section.2.4}% 13
\BOOKMARK [1][-]{section.2.5}{Expressions}{chapter.2}% 14
\BOOKMARK [2][-]{subsection.2.5.1}{Expressions arithm\351tiques}{section.2.5}% 15
\BOOKMARK [2][-]{subsection.2.5.2}{Expressions sur cha\356nes}{section.2.5}% 16
\BOOKMARK [2][-]{subsection.2.5.3}{Expressions logiques}{section.2.5}% 17
\BOOKMARK [1][-]{section.2.6}{Instructions de programmation}{chapter.2}% 18
\BOOKMARK [2][-]{subsection.2.6.1}{...}{section.2.6}% 19
\BOOKMARK [1][-]{section.2.7}{Commandes g\351n\351rales}{chapter.2}% 20
\BOOKMARK [2][-]{subsection.2.7.1}{...}{section.2.7}% 21
\BOOKMARK [0][-]{chapter.3}{Utilisation}{}% 22
\BOOKMARK [1][-]{section.3.1}{Utilisation des commandes et instructions}{chapter.3}% 23
\BOOKMARK [2][-]{subsection.3.1.1}{...}{section.3.1}% 24
\BOOKMARK [1][-]{section.3.2}{Programmation en LIR}{chapter.3}% 25
\BOOKMARK [2][-]{subsection.3.2.1}{\311criture d'un programme}{section.3.2}% 26
\BOOKMARK [2][-]{subsection.3.2.2}{Ex\351cution d'un programme}{section.3.2}% 27
