\BOOKMARK [-1][-]{part.1}{I \040Plan projet}{}% 1
\BOOKMARK [-1][-]{part.2}{II \040Sp\351cifications d\351taill\351es}{}% 2
\BOOKMARK [-1][-]{part.3}{III \040Conception}{}% 3
\BOOKMARK [-1][-]{part.4}{IV \040Codage}{}% 4
\BOOKMARK [-1][-]{part.5}{V \040Tests}{}% 5
\BOOKMARK [0][-]{chapter*.2}{D\351marche globale}{part.5}% 6
\BOOKMARK [0][-]{chapter.1}{Tests du paquetage interpreteurlir.donnees.litteraux}{part.5}% 7
\BOOKMARK [1][-]{section.1.1}{Litteral}{chapter.1}% 8
\BOOKMARK [1][-]{section.1.2}{Chaine}{chapter.1}% 9
\BOOKMARK [1][-]{section.1.3}{Entier}{chapter.1}% 10
\BOOKMARK [1][-]{section.1.4}{Booleen}{chapter.1}% 11
\BOOKMARK [0][-]{chapter.2}{Tests du paquetage interpreteurlir.donnees}{part.5}% 12
\BOOKMARK [1][-]{section.2.1}{Identificateur}{chapter.2}% 13
\BOOKMARK [1][-]{section.2.2}{IdentificateurChaine et IdentificateurEntier}{chapter.2}% 14
\BOOKMARK [1][-]{section.2.3}{Variable}{chapter.2}% 15
\BOOKMARK [0][-]{chapter.3}{Tests du paquetage interpreteurlir.expressions}{part.5}% 16
\BOOKMARK [1][-]{section.3.1}{Expression}{chapter.3}% 17
\BOOKMARK [1][-]{section.3.2}{ExpressionChaine}{chapter.3}% 18
\BOOKMARK [1][-]{section.3.3}{ExpressionEntier}{chapter.3}% 19
\BOOKMARK [1][-]{section.3.4}{ExpressionBoolenne}{chapter.3}% 20
\BOOKMARK [0][-]{chapter.4}{Tests du paquetage interpreteurlir}{part.5}% 21
\BOOKMARK [1][-]{section.4.1}{InterpreteurException et ExecuteurException}{chapter.4}% 22
\BOOKMARK [1][-]{section.4.2}{Contexte}{chapter.4}% 23
\BOOKMARK [1][-]{section.4.3}{Analyseur}{chapter.4}% 24
\BOOKMARK [0][-]{chapter.5}{Tests du paquetage interpreteurlir.programmes}{part.5}% 25
\BOOKMARK [1][-]{section.5.1}{Etiquette}{chapter.5}% 26
\BOOKMARK [1][-]{section.5.2}{Programme}{chapter.5}% 27
\BOOKMARK [1][-]{section.5.3}{Les programmes de tests}{chapter.5}% 28
\BOOKMARK [0][-]{chapter.6}{Tests du paquetage interpreteurlir.motscles}{part.5}% 29
\BOOKMARK [1][-]{section.6.1}{Commande}{chapter.6}% 30
\BOOKMARK [1][-]{section.6.2}{EssaiCommande}{chapter.6}% 31
\BOOKMARK [1][-]{section.6.3}{CommandeCharge}{chapter.6}% 32
\BOOKMARK [1][-]{section.6.4}{CommandeDebut}{chapter.6}% 33
\BOOKMARK [1][-]{section.6.5}{CommandeDefs et CommandeFin}{chapter.6}% 34
\BOOKMARK [1][-]{section.6.6}{CommandeEfface, CommandeLance et CommandeListe}{chapter.6}% 35
\BOOKMARK [1][-]{section.6.7}{CommandeSauve}{chapter.6}% 36
\BOOKMARK [0][-]{chapter.7}{Tests du paquetage interpreteurlir.motscles.instructions}{part.5}% 37
\BOOKMARK [1][-]{section.7.1}{Instruction}{chapter.7}% 38
\BOOKMARK [1][-]{section.7.2}{InstructionAffiche, InstructionEntre et InstructionSi\(Vaen\)}{chapter.7}% 39
\BOOKMARK [1][-]{section.7.3}{InstructionProcedure, InstructionRetour, InstructionStop et InstructionVaen}{chapter.7}% 40
\BOOKMARK [1][-]{section.7.4}{InstructionVar}{chapter.7}% 41
\BOOKMARK [-1][-]{part.6}{VI \040Conclusion}{}% 42
\BOOKMARK [0][-]{chapter.1}{Conception et impl\351mentation}{part.6}% 43
\BOOKMARK [1][-]{section.1.1}{Le livrable}{chapter.1}% 44
\BOOKMARK [1][-]{section.1.2}{Conception}{chapter.1}% 45
\BOOKMARK [0][-]{chapter.2}{Organisation du groupe}{part.6}% 46
\BOOKMARK [1][-]{section.2.1}{Travail en bin\364me}{chapter.2}% 47
\BOOKMARK [1][-]{section.2.2}{R\351partition de la charge de travail}{chapter.2}% 48
\BOOKMARK [1][-]{section.2.3}{Communication}{chapter.2}% 49
\BOOKMARK [0][-]{chapter.3}{Conclusion g\351n\351rale}{part.6}% 50
\BOOKMARK [-1][-]{part.7}{VII Manuel utilisateur}{}% 51
